0 info it worked if it ends with ok
1 verbose cli [ '/usr/local/bin/node',
1 verbose cli   '/usr/local/bin/npm',
1 verbose cli   'install',
1 verbose cli   '-g',
1 verbose cli   'ios-deploy',
1 verbose cli   '--unsafe-perm=true' ]
2 info using npm@2.15.1
3 info using node@v4.4.4
4 verbose install initial load of /usr/local/lib/package.json
5 verbose readDependencies loading dependencies from /usr/local/lib/package.json
6 silly cache add args [ 'ios-deploy', null ]
7 verbose cache add spec ios-deploy
8 silly cache add parsed spec Result {
8 silly cache add   raw: 'ios-deploy',
8 silly cache add   scope: null,
8 silly cache add   name: 'ios-deploy',
8 silly cache add   rawSpec: '',
8 silly cache add   spec: 'latest',
8 silly cache add   type: 'tag' }
9 silly addNamed ios-deploy@latest
10 verbose addNamed "latest" is being treated as a dist-tag for ios-deploy
11 info addNameTag [ 'ios-deploy', 'latest' ]
12 silly mapToRegistry name ios-deploy
13 silly mapToRegistry using default registry
14 silly mapToRegistry registry https://registry.npmjs.org/
15 silly mapToRegistry data Result {
15 silly mapToRegistry   raw: 'ios-deploy',
15 silly mapToRegistry   scope: null,
15 silly mapToRegistry   name: 'ios-deploy',
15 silly mapToRegistry   rawSpec: '',
15 silly mapToRegistry   spec: 'latest',
15 silly mapToRegistry   type: 'tag' }
16 silly mapToRegistry uri https://registry.npmjs.org/ios-deploy
17 verbose addNameTag registry:https://registry.npmjs.org/ios-deploy not in flight; fetching
18 verbose request uri https://registry.npmjs.org/ios-deploy
19 verbose request no auth needed
20 info attempt registry request try #1 at 3:29:16 PM
21 verbose request id d5c6b50f98bc33ec
22 verbose etag W/"587ce9cd-9e5a"
23 verbose lastModified Mon, 16 Jan 2017 15:42:05 GMT
24 http request GET https://registry.npmjs.org/ios-deploy
25 http 304 https://registry.npmjs.org/ios-deploy
26 verbose headers { date: 'Wed, 25 Jan 2017 14:29:16 GMT',
26 verbose headers   via: '1.1 varnish',
26 verbose headers   'cache-control': 'max-age=300',
26 verbose headers   etag: 'W/"587ce9cd-9e5a"',
26 verbose headers   age: '40',
26 verbose headers   connection: 'keep-alive',
26 verbose headers   'x-served-by': 'cache-lhr6321-LHR',
26 verbose headers   'x-cache': 'HIT',
26 verbose headers   'x-cache-hits': '1',
26 verbose headers   'x-timer': 'S1485354556.511754,VS0,VE0',
26 verbose headers   vary: 'Accept-Encoding' }
27 silly get cb [ 304,
27 silly get   { date: 'Wed, 25 Jan 2017 14:29:16 GMT',
27 silly get     via: '1.1 varnish',
27 silly get     'cache-control': 'max-age=300',
27 silly get     etag: 'W/"587ce9cd-9e5a"',
27 silly get     age: '40',
27 silly get     connection: 'keep-alive',
27 silly get     'x-served-by': 'cache-lhr6321-LHR',
27 silly get     'x-cache': 'HIT',
27 silly get     'x-cache-hits': '1',
27 silly get     'x-timer': 'S1485354556.511754,VS0,VE0',
27 silly get     vary: 'Accept-Encoding' } ]
28 verbose etag https://registry.npmjs.org/ios-deploy from cache
29 verbose get saving ios-deploy to /Users/gregory/.npm/registry.npmjs.org/ios-deploy/.cache.json
30 verbose correctMkdir /Users/gregory/.npm correctMkdir not in flight; initializing
31 silly addNameTag next cb for ios-deploy with tag latest
32 silly addNamed ios-deploy@1.9.0
33 verbose addNamed "1.9.0" is a plain semver version for ios-deploy
34 silly cache afterAdd ios-deploy@1.9.0
35 verbose afterAdd /Users/gregory/.npm/ios-deploy/1.9.0/package/package.json not in flight; writing
36 verbose correctMkdir /Users/gregory/.npm correctMkdir not in flight; initializing
37 verbose afterAdd /Users/gregory/.npm/ios-deploy/1.9.0/package/package.json written
38 silly install resolved [ { name: 'ios-deploy',
38 silly install resolved     version: '1.9.0',
38 silly install resolved     os: [ 'darwin' ],
38 silly install resolved     description: 'launch iOS apps iOS devices from the command line (Xcode 7)',
38 silly install resolved     main: 'ios-deploy',
38 silly install resolved     scripts:
38 silly install resolved      { preinstall: './src/scripts/check_reqs.js && xcodebuild',
38 silly install resolved        test: 'npm run pycompile && npm run jshint && xcodebuild -target ios-deploy-lib && xcodebuild test -scheme ios-deploy-tests',
38 silly install resolved        jshint: 'node node_modules/jshint/bin/jshint src/scripts/*.js',
38 silly install resolved        pycompile: 'python -m py_compile src/scripts/*.py' },
38 silly install resolved     bin: { 'ios-deploy': './build/Release/ios-deploy' },
38 silly install resolved     repository:
38 silly install resolved      { type: 'git',
38 silly install resolved        url: 'git+https://github.com/phonegap/ios-deploy.git' },
38 silly install resolved     devDependencies: { jshint: '2.5.8' },
38 silly install resolved     keywords: [ 'ios-deploy', 'deploy to iOS device' ],
38 silly install resolved     bugs: { url: 'https://github.com/phonegap/ios-deploy/issues' },
38 silly install resolved     author: { name: 'Greg Hughes' },
38 silly install resolved     license: 'GPLv3',
38 silly install resolved     gitHead: '4346b331b703db43aeb3f9281c509042a551f2cc',
38 silly install resolved     homepage: 'https://github.com/phonegap/ios-deploy#readme',
38 silly install resolved     _id: 'ios-deploy@1.9.0',
38 silly install resolved     _shasum: '9f065b9dd78143df51c8a740dac974615b950984',
38 silly install resolved     _from: 'ios-deploy@latest',
38 silly install resolved     _npmVersion: '3.10.3',
38 silly install resolved     _nodeVersion: '6.4.0',
38 silly install resolved     _npmUser: { name: 'shazron', email: 'shazron@gmail.com' },
38 silly install resolved     dist:
38 silly install resolved      { shasum: '9f065b9dd78143df51c8a740dac974615b950984',
38 silly install resolved        tarball: 'https://registry.npmjs.org/ios-deploy/-/ios-deploy-1.9.0.tgz' },
38 silly install resolved     maintainers: [ [Object], [Object], [Object] ],
38 silly install resolved     _npmOperationalInternal:
38 silly install resolved      { host: 'packages-16-east.internal.npmjs.com',
38 silly install resolved        tmp: 'tmp/ios-deploy-1.9.0.tgz_1474020371227_0.9639754295349121' },
38 silly install resolved     directories: {},
38 silly install resolved     _resolved: 'https://registry.npmjs.org/ios-deploy/-/ios-deploy-1.9.0.tgz',
38 silly install resolved     readme: 'ERROR: No README data found!' } ]
39 info install ios-deploy@1.9.0 into /usr/local/lib
40 info installOne ios-deploy@1.9.0
41 verbose installOne of ios-deploy to /usr/local/lib not in flight; installing
42 verbose correctMkdir /Users/gregory/.npm/_locks correctMkdir not in flight; initializing
43 verbose lock using /Users/gregory/.npm/_locks/ios-deploy-198957223cd98201.lock for /usr/local/lib/node_modules/ios-deploy
44 silly install write writing ios-deploy 1.9.0 to /usr/local/lib/node_modules/ios-deploy
45 verbose unbuild lib/node_modules/ios-deploy
46 silly gentlyRm /usr/local/lib/node_modules/ios-deploy is being purged from base /usr/local
47 verbose gentlyRm don't care about contents; nuking /usr/local/lib/node_modules/ios-deploy
48 verbose tar unpack /Users/gregory/.npm/ios-deploy/1.9.0/package.tgz
49 verbose tar unpacking to /usr/local/lib/node_modules/ios-deploy
50 silly gentlyRm /usr/local/lib/node_modules/ios-deploy is being purged
51 verbose gentlyRm don't care about contents; nuking /usr/local/lib/node_modules/ios-deploy
52 silly gunzTarPerm modes [ '755', '644' ]
53 silly gunzTarPerm extractEntry package.json
54 silly gunzTarPerm extractEntry .npmignore
55 silly gunzTarPerm extractEntry README.md
56 silly gunzTarPerm extractEntry LICENSE
57 silly gunzTarPerm extractEntry demo/.npmignore
58 silly gunzTarPerm extractEntry demo/Entitlements.plist
59 silly gunzTarPerm extractEntry demo/Info.plist
60 silly gunzTarPerm extractEntry demo/Makefile
61 silly gunzTarPerm extractEntry demo/ResourceRules.plist
62 silly gunzTarPerm extractEntry demo/demo.c
63 silly gunzTarPerm extractEntry ios-deploy.xcodeproj/project.pbxproj
64 silly gunzTarPerm extractEntry ios-deploy.xcodeproj/project.xcworkspace/contents.xcworkspacedata
65 silly gunzTarPerm extractEntry ios-deploy.xcodeproj/project.xcworkspace/xcuserdata/shazron.xcuserdatad/UserInterfaceState.xcuserstate
66 silly gunzTarPerm extractEntry ios-deploy.xcodeproj/xcshareddata/xcschemes/ios-deploy-tests.xcscheme
67 silly gunzTarPerm extractEntry ios-deploy.xcodeproj/xcuserdata/shazron.xcuserdatad/xcschemes/ios-deploy-lib.xcscheme
68 silly gunzTarPerm extractEntry ios-deploy.xcodeproj/xcuserdata/shazron.xcuserdatad/xcschemes/ios-deploy.xcscheme
69 silly gunzTarPerm extractEntry ios-deploy.xcodeproj/xcuserdata/shazron.xcuserdatad/xcschemes/xcschememanagement.plist
70 silly gunzTarPerm extractEntry CONTRIBUTING.md
71 silly gunzTarPerm extractEntry src/ios-deploy/MobileDevice.h
72 silly gunzTarPerm extractEntry src/ios-deploy/errors.h
73 silly gunzTarPerm extractEntry src/ios-deploy/ios-deploy.m
74 silly gunzTarPerm extractEntry src/ios-deploy/version.h
75 silly gunzTarPerm extractEntry src/ios-deploy-lib/libios_deploy.h
76 silly gunzTarPerm extractEntry src/ios-deploy-lib/libios_deploy.m
77 silly gunzTarPerm extractEntry src/ios-deploy-tests/Info.plist
78 silly gunzTarPerm extractEntry src/ios-deploy-tests/ios_deploy_tests.m
79 silly gunzTarPerm extractEntry src/scripts/check_reqs.js
80 silly gunzTarPerm extractEntry src/scripts/lldb.py
81 verbose write writing to /usr/local/lib/node_modules/ios-deploy/package.json
82 info preinstall ios-deploy@1.9.0
83 verbose unsafe-perm in lifecycle true
84 info ios-deploy@1.9.0 Failed to exec preinstall script
85 verbose unlock done using /Users/gregory/.npm/_locks/ios-deploy-198957223cd98201.lock for /usr/local/lib/node_modules/ios-deploy
86 verbose stack Error: ios-deploy@1.9.0 preinstall: `./src/scripts/check_reqs.js && xcodebuild`
86 verbose stack Exit status 65
86 verbose stack     at EventEmitter.<anonymous> (/usr/local/lib/node_modules/npm/lib/utils/lifecycle.js:217:16)
86 verbose stack     at emitTwo (events.js:87:13)
86 verbose stack     at EventEmitter.emit (events.js:172:7)
86 verbose stack     at ChildProcess.<anonymous> (/usr/local/lib/node_modules/npm/lib/utils/spawn.js:24:14)
86 verbose stack     at emitTwo (events.js:87:13)
86 verbose stack     at ChildProcess.emit (events.js:172:7)
86 verbose stack     at maybeClose (internal/child_process.js:827:16)
86 verbose stack     at Process.ChildProcess._handle.onexit (internal/child_process.js:211:5)
87 verbose pkgid ios-deploy@1.9.0
88 verbose cwd /Users/gregory/Git/yaka-www/src/ionic
89 error Darwin 15.6.0
90 error argv "/usr/local/bin/node" "/usr/local/bin/npm" "install" "-g" "ios-deploy" "--unsafe-perm=true"
91 error node v4.4.4
92 error npm  v2.15.1
93 error code ELIFECYCLE
94 error ios-deploy@1.9.0 preinstall: `./src/scripts/check_reqs.js && xcodebuild`
94 error Exit status 65
95 error Failed at the ios-deploy@1.9.0 preinstall script './src/scripts/check_reqs.js && xcodebuild'.
95 error This is most likely a problem with the ios-deploy package,
95 error not with npm itself.
95 error Tell the author that this fails on your system:
95 error     ./src/scripts/check_reqs.js && xcodebuild
95 error You can get information on how to open an issue for this project with:
95 error     npm bugs ios-deploy
95 error Or if that isn't available, you can get their info via:
95 error
95 error     npm owner ls ios-deploy
95 error There is likely additional logging output above.
96 verbose exit [ 1, true ]
97 verbose unbuild lib/node_modules/ios-deploy
98 info preuninstall ios-deploy@1.9.0
99 info uninstall ios-deploy@1.9.0
100 verbose unbuild rmStuff ios-deploy@1.9.0 from /usr/local/lib/node_modules
101 silly gentlyRm /usr/local/bin/ios-deploy is being gently removed
102 silly gentlyRm verifying /usr/local is an npm working directory
103 silly gentlyRm containing path /usr/local is under npm's control, in /usr/local
104 silly gentlyRm deletion target /usr/local/bin/ios-deploy is under /usr/local
105 verbose gentlyRm vacuuming from /usr/local/bin/ios-deploy up to /usr/local
106 info postuninstall ios-deploy@1.9.0
107 silly gentlyRm /usr/local/lib/node_modules/ios-deploy is being purged from base /usr/local
108 verbose gentlyRm don't care about contents; nuking /usr/local/lib/node_modules/ios-deploy
109 silly vacuum-fs purging /usr/local/lib/node_modules/ios-deploy
110 silly vacuum-fs quitting because other entries in /usr/local/lib/node_modules
